<?xml version="1.0" encoding="UTF-8"?>
<!-- Generated by org.testng.reporters.JUnitReportReporter -->
<testsuite skipped="0" hostname="LAPTOP-BF3MID8S" name="CarLoan.CarLoanTest" tests="2" failures="0" timestamp="2020-10-08T17:18:21 EDT" time="0.005" errors="0">
  <testcase name="carLoan" time="0.005" classname="CarLoan.CarLoanTest"/>
  <system-out/>
  <testcase name="carType" time="0.000" classname="CarLoan.CarLoanTest"/>
  <system-out/>
</testsuite> <!-- CarLoan.CarLoanTest -->
