<?xml version="1.0" encoding="UTF-8"?>
<!-- Generated by org.testng.reporters.JUnitReportReporter -->
<testsuite skipped="0" hostname="LAPTOP-BF3MID8S" name="CarLoan.CarLoanTest" tests="2" failures="0" timestamp="2020-10-08T16:34:29 EDT" time="0.023" errors="0">
  <testcase name="carType" time="0.003" classname="CarLoan.CarLoanTest"/>
  <system-out/>
  <testcase name="carLoan" time="0.020" classname="CarLoan.CarLoanTest"/>
  <system-out/>
</testsuite> <!-- CarLoan.CarLoanTest -->
